<?xml version="1.0" encoding="UTF-8"?>
<!-- Generated by org.testng.reporters.JUnitReportReporter -->
<testsuite skipped="1" hostname="ZSRIL-FZ760Z2" name="TestMethods" tests="6" failures="0" timestamp="2020-05-10T11:30:47 IST" time="0.016" errors="0">
  <testcase name="test3" time="0.001" classname="TestMethods"/>
  <system-out/>
  <testcase name="test5" time="0.000" classname="TestMethods"/>
  <system-out/>
  <testcase name="test1" time="0.013" classname="TestMethods"/>
  <system-out/>
  <testcase name="test4" time="0.000" classname="TestMethods"/>
  <system-out/>
  <testcase name="test2" time="0.000" classname="TestMethods"/>
  <system-out/>
  <testcase name="test4" time="0.002" classname="TestMethods">
    <skipped/>
  </testcase> <!-- test4 -->
  <system-out/>
</testsuite> <!-- TestMethods -->
